0 info it worked if it ends with ok
1 verbose cli [ 'node', '/usr/local/bin/npm', 'install', '-g', 'n', '0.10.33' ]
2 info using npm@1.4.28
3 info using node@v0.10.32
4 verbose cache add [ 'n', null ]
5 verbose cache add name=undefined spec="n" args=["n",null]
6 verbose parsed url { protocol: null,
6 verbose parsed url   slashes: null,
6 verbose parsed url   auth: null,
6 verbose parsed url   host: null,
6 verbose parsed url   port: null,
6 verbose parsed url   hostname: null,
6 verbose parsed url   hash: null,
6 verbose parsed url   search: null,
6 verbose parsed url   query: null,
6 verbose parsed url   pathname: 'n',
6 verbose parsed url   path: 'n',
6 verbose parsed url   href: 'n' }
7 verbose cache add [ '0.10.33', null ]
8 verbose cache add name=undefined spec="0.10.33" args=["0.10.33",null]
9 verbose parsed url { protocol: null,
9 verbose parsed url   slashes: null,
9 verbose parsed url   auth: null,
9 verbose parsed url   host: null,
9 verbose parsed url   port: null,
9 verbose parsed url   hostname: null,
9 verbose parsed url   hash: null,
9 verbose parsed url   search: null,
9 verbose parsed url   query: null,
9 verbose parsed url   pathname: '0.10.33',
9 verbose parsed url   path: '0.10.33',
9 verbose parsed url   href: '0.10.33' }
10 silly lockFile d1854cae-n n
11 verbose lock n /Users/johnnym/.npm/d1854cae-n.lock
12 silly lockFile 04425e2f-0-10-33 0.10.33
13 verbose lock 0.10.33 /Users/johnnym/.npm/04425e2f-0-10-33.lock
14 silly lockFile d1854cae-n n
15 silly lockFile d1854cae-n n
16 silly lockFile 04425e2f-0-10-33 0.10.33
17 silly lockFile 04425e2f-0-10-33 0.10.33
18 verbose addNamed [ 'n', '' ]
19 verbose addNamed [ null, '*' ]
20 silly lockFile 6b58d7dc-n n@
21 verbose lock n@ /Users/johnnym/.npm/6b58d7dc-n.lock
22 verbose addNamed [ '0.10.33', '' ]
23 verbose addNamed [ null, '*' ]
24 silly lockFile 83555ab5-0-10-33 0.10.33@
25 verbose lock 0.10.33@ /Users/johnnym/.npm/83555ab5-0-10-33.lock
26 silly addNameRange { name: 'n', range: '*', hasData: false }
27 silly addNameRange { name: '0.10.33', range: '*', hasData: false }
28 verbose request where is /0.10.33
29 verbose request registry https://registry.npmjs.org/
30 verbose request id 9872bae1b91bbc32
31 verbose url raw /0.10.33
32 verbose url resolving [ 'https://registry.npmjs.org/', './0.10.33' ]
33 verbose url resolved https://registry.npmjs.org/0.10.33
34 verbose request where is https://registry.npmjs.org/0.10.33
35 info trying registry request attempt 1 at 16:09:47
36 http GET https://registry.npmjs.org/0.10.33
37 verbose request where is /n
38 verbose request registry https://registry.npmjs.org/
39 verbose url raw /n
40 verbose url resolving [ 'https://registry.npmjs.org/', './n' ]
41 verbose url resolved https://registry.npmjs.org/n
42 verbose request where is https://registry.npmjs.org/n
43 info trying registry request attempt 1 at 16:09:47
44 verbose etag "1C6G83FPC5F79N05Y7XZLPPBM"
45 http GET https://registry.npmjs.org/n
46 http 404 https://registry.npmjs.org/0.10.33
47 verbose headers { date: 'Sat, 18 Apr 2015 21:09:48 GMT',
47 verbose headers   server: 'CouchDB/1.5.0 (Erlang OTP/R16B03)',
47 verbose headers   'content-type': 'application/json',
47 verbose headers   'cache-control': 'max-age=0',
47 verbose headers   'content-length': '51',
47 verbose headers   'accept-ranges': 'bytes',
47 verbose headers   via: '1.1 varnish',
47 verbose headers   age: '0',
47 verbose headers   'x-served-by': 'cache-dfw1829-DFW',
47 verbose headers   'x-cache': 'MISS',
47 verbose headers   'x-cache-hits': '0',
47 verbose headers   'x-timer': 'S1429391388.695080,VS0,VE192',
47 verbose headers   'keep-alive': 'timeout=10, max=50',
47 verbose headers   connection: 'Keep-Alive' }
48 silly registry.get cb [ 404,
48 silly registry.get   { date: 'Sat, 18 Apr 2015 21:09:48 GMT',
48 silly registry.get     server: 'CouchDB/1.5.0 (Erlang OTP/R16B03)',
48 silly registry.get     'content-type': 'application/json',
48 silly registry.get     'cache-control': 'max-age=0',
48 silly registry.get     'content-length': '51',
48 silly registry.get     'accept-ranges': 'bytes',
48 silly registry.get     via: '1.1 varnish',
48 silly registry.get     age: '0',
48 silly registry.get     'x-served-by': 'cache-dfw1829-DFW',
48 silly registry.get     'x-cache': 'MISS',
48 silly registry.get     'x-cache-hits': '0',
48 silly registry.get     'x-timer': 'S1429391388.695080,VS0,VE192',
48 silly registry.get     'keep-alive': 'timeout=10, max=50',
48 silly registry.get     connection: 'Keep-Alive' } ]
49 silly lockFile 83555ab5-0-10-33 0.10.33@
50 silly lockFile 83555ab5-0-10-33 0.10.33@
51 http 304 https://registry.npmjs.org/n
52 silly registry.get cb [ 304,
52 silly registry.get   { date: 'Sat, 18 Apr 2015 21:09:48 GMT',
52 silly registry.get     server: 'Apache',
52 silly registry.get     via: '1.1 varnish',
52 silly registry.get     'last-modified': 'Sat, 18 Apr 2015 21:09:48 GMT',
52 silly registry.get     'cache-control': 'max-age=60',
52 silly registry.get     etag: '"1C6G83FPC5F79N05Y7XZLPPBM"',
52 silly registry.get     age: '0',
52 silly registry.get     'x-served-by': 'cache-dfw1834-DFW',
52 silly registry.get     'x-cache': 'HIT',
52 silly registry.get     'x-cache-hits': '1',
52 silly registry.get     'x-timer': 'S1429391388.693228,VS0,VE258',
52 silly registry.get     vary: 'Accept',
52 silly registry.get     'content-length': '0',
52 silly registry.get     'keep-alive': 'timeout=10, max=50',
52 silly registry.get     connection: 'Keep-Alive' } ]
53 verbose etag https://registry.npmjs.org/n from cache
54 silly addNameRange number 2 { name: 'n', range: '*', hasData: true }
55 silly addNameRange versions [ 'n',
55 silly addNameRange   [ '0.0.1',
55 silly addNameRange     '0.0.2',
55 silly addNameRange     '0.0.3',
55 silly addNameRange     '0.0.4',
55 silly addNameRange     '0.1.0',
55 silly addNameRange     '0.1.1',
55 silly addNameRange     '0.1.2',
55 silly addNameRange     '0.2.0',
55 silly addNameRange     '0.2.1',
55 silly addNameRange     '0.2.2',
55 silly addNameRange     '0.3.0',
55 silly addNameRange     '0.4.0',
55 silly addNameRange     '0.4.1',
55 silly addNameRange     '0.4.2',
55 silly addNameRange     '0.5.0',
55 silly addNameRange     '0.5.1',
55 silly addNameRange     '0.5.2',
55 silly addNameRange     '0.5.3',
55 silly addNameRange     '0.5.4',
55 silly addNameRange     '0.6.0',
55 silly addNameRange     '0.6.1',
55 silly addNameRange     '0.7.0',
55 silly addNameRange     '0.7.1',
55 silly addNameRange     '0.7.2',
55 silly addNameRange     '0.7.3',
55 silly addNameRange     '0.8.0',
55 silly addNameRange     '0.8.1',
55 silly addNameRange     '0.8.2',
55 silly addNameRange     '0.9.0',
55 silly addNameRange     '0.9.1',
55 silly addNameRange     '0.9.2',
55 silly addNameRange     '0.9.3',
55 silly addNameRange     '1.0.0',
55 silly addNameRange     '1.1.0',
55 silly addNameRange     '1.2.1',
55 silly addNameRange     '1.2.2',
55 silly addNameRange     '1.2.3',
55 silly addNameRange     '1.2.4',
55 silly addNameRange     '1.2.5',
55 silly addNameRange     '1.2.6',
55 silly addNameRange     '1.2.7',
55 silly addNameRange     '1.2.8',
55 silly addNameRange     '1.2.9',
55 silly addNameRange     '1.2.11',
55 silly addNameRange     '1.2.13',
55 silly addNameRange     '1.2.14',
55 silly addNameRange     '1.3.0' ] ]
56 verbose addNamed [ 'n', '1.3.0' ]
57 verbose addNamed [ '1.3.0', '1.3.0' ]
58 silly lockFile 3a747da7-n-1-3-0 n@1.3.0
59 verbose lock n@1.3.0 /Users/johnnym/.npm/3a747da7-n-1-3-0.lock
60 silly lockFile 3a747da7-n-1-3-0 n@1.3.0
61 silly lockFile 3a747da7-n-1-3-0 n@1.3.0
62 silly lockFile 6b58d7dc-n n@
63 silly lockFile 6b58d7dc-n n@
64 error 404 404 Not Found: 0.10.33
64 error 404
64 error 404 '0.10.33' is not in the npm registry.
64 error 404 You should bug the author to publish it
64 error 404
64 error 404 Note that you can also install from a
64 error 404 tarball, folder, or http url, or git url.
65 error System Darwin 14.1.0
66 error command "node" "/usr/local/bin/npm" "install" "-g" "n" "0.10.33"
67 error cwd /Users/johnnym/my-Earth
68 error node -v v0.10.32
69 error npm -v 1.4.28
70 error code E404
71 verbose exit [ 1, true ]
